#
# A fatal error has been detected by the Java Runtime Environment:
#
#  EXCEPTION_ACCESS_VIOLATION (0xc0000005) at pc=0x00007ffa9765e666, pid=10336, tid=16372
#
# JRE version: Java(TM) SE Runtime Environment (18.0.2.1+1) (build 18.0.2.1+1-1)
# Java VM: Java HotSpot(TM) 64-Bit Server VM (18.0.2.1+1-1, mixed mode, sharing, tiered, compressed oops, compressed class ptrs, g1 gc, windows-amd64)
# Problematic frame:
# V  [jvm.dll+0x6fe666]
#
# No core dump will be written. Minidumps are not enabled by default on client versions of Windows
#
# If you would like to submit a bug report, please visit:
#   https://bugreport.java.com/bugreport/crash.jsp
#

---------------  S U M M A R Y ------------

Command Line: -ea -XX:+ShowCodeDetailsInExceptionMessages -Dfile.encoding=UTF-8 org.eclipse.jdt.internal.junit.runner.RemoteTestRunner -version 3 -port 49469 -testLoaderClass org.eclipse.jdt.internal.junit5.runner.JUnit5TestLoader -loaderpluginname org.eclipse.jdt.junit5.runtime -testNameFile C:\Users\bruno\AppData\Local\Temp\testNames4493699608623885789.txt

Host: Intel(R) Core(TM) i5-8300H CPU @ 2.30GHz, 8 cores, 15G,  Windows 10 , 64 bit Build 19041 (10.0.19041.2913)
Time: Fri May 12 14:33:36 2023 Hora oficial do Brasil elapsed time: 0.226541 seconds (0d 0h 0m 0s)

---------------  T H R E A D  ---------------

Current thread (0x0000023b3aa7df90):  JavaThread "main" [_thread_in_vm, id=16372, stack(0x000000ad15f00000,0x000000ad16000000)]

Stack: [0x000000ad15f00000,0x000000ad16000000],  sp=0x000000ad15ffabe0,  free space=1002k
Native frames: (J=compiled Java code, j=interpreted, Vv=VM code, C=native code)
V  [jvm.dll+0x6fe666]
V  [jvm.dll+0x64d0a7]
V  [jvm.dll+0x392b31]
V  [jvm.dll+0x391c04]
V  [jvm.dll+0x391ba8]
V  [jvm.dll+0x3a141a]
C  0x0000023b4441b817

Java frames: (J=compiled Java code, j=interpreted, Vv=VM code)
j  jdk.internal.org.objectweb.asm.ClassWriter.<init>(Ljdk/internal/org/objectweb/asm/ClassReader;I)V+11 java.base@18.0.2.1
j  jdk.internal.org.objectweb.asm.ClassWriter.<init>(I)V+3 java.base@18.0.2.1
j  java.lang.invoke.InnerClassLambdaMetafactory.<init>(Ljava/lang/invoke/MethodHandles$Lookup;Ljava/lang/invoke/MethodType;Ljava/lang/String;Ljava/lang/invoke/MethodType;Ljava/lang/invoke/MethodHandle;Ljava/lang/invoke/MethodType;Z[Ljava/lang/Class;[Ljava/lang/invoke/MethodType;)V+146 java.base@18.0.2.1
j  java.lang.invoke.LambdaMetafactory.metafactory(Ljava/lang/invoke/MethodHandles$Lookup;Ljava/lang/String;Ljava/lang/invoke/MethodType;Ljava/lang/invoke/MethodType;Ljava/lang/invoke/MethodHandle;Ljava/lang/invoke/MethodType;)Ljava/lang/invoke/CallSite;+55 java.base@18.0.2.1
j  java.lang.invoke.DirectMethodHandle$Holder.invokeStatic(Ljava/lang/Object;Ljava/lang/Object;Ljava/lang/Object;Ljava/lang/Object;Ljava/lang/Object;Ljava/lang/Object;Ljava/lang/Object;)Ljava/lang/Object;+20 java.base@18.0.2.1
j  java.lang.invoke.Invokers$Holder.invokeExact_MT(Ljava/lang/Object;Ljava/lang/Object;Ljava/lang/Object;Ljava/lang/Object;Ljava/lang/Object;Ljava/lang/Object;Ljava/lang/Object;Ljava/lang/Object;)Ljava/lang/Object;+28 java.base@18.0.2.1
j  java.lang.invoke.BootstrapMethodInvoker.invoke(Ljava/lang/Class;Ljava/lang/invoke/MethodHandle;Ljava/lang/String;Ljava/lang/Object;Ljava/lang/Object;Ljava/lang/Class;)Ljava/lang/Object;+319 java.base@18.0.2.1
j  java.lang.invoke.CallSite.makeSite(Ljava/lang/invoke/MethodHandle;Ljava/lang/String;Ljava/lang/invoke/MethodType;Ljava/lang/Object;Ljava/lang/Class;)Ljava/lang/invoke/CallSite;+8 java.base@18.0.2.1
j  java.lang.invoke.MethodHandleNatives.linkCallSiteImpl(Ljava/lang/Class;Ljava/lang/invoke/MethodHandle;Ljava/lang/String;Ljava/lang/invoke/MethodType;Ljava/lang/Object;[Ljava/lang/Object;)Ljava/lang/invoke/MemberName;+6 java.base@18.0.2.1
j  java.lang.invoke.MethodHandleNatives.linkCallSite(Ljava/lang/Object;Ljava/lang/Object;Ljava/lang/Object;Ljava/lang/Object;Ljava/lang/Object;[Ljava/lang/Object;)Ljava/lang/invoke/MemberName;+45 java.base@18.0.2.1
v  ~StubRoutines::call_stub
j  java.util.logging.Level$KnownLevel.add(Ljava/util/logging/Level;)V+19 java.logging@18.0.2.1
j  java.util.logging.Level.<init>(Ljava/lang/String;ILjava/lang/String;Z)V+55 java.logging@18.0.2.1
j  java.util.logging.Level.<init>(Ljava/lang/String;ILjava/lang/String;)V+5 java.logging@18.0.2.1
j  java.util.logging.Level.<clinit>()V+10 java.logging@18.0.2.1
v  ~StubRoutines::call_stub
j  java.util.logging.Logger.<clinit>()V+7 java.logging@18.0.2.1
v  ~StubRoutines::call_stub
j  org.junit.platform.commons.logging.LoggerFactory$DelegatingLogger.<init>(Ljava/lang/String;)V+14
j  org.junit.platform.commons.logging.LoggerFactory.getLogger(Ljava/lang/Class;)Lorg/junit/platform/commons/logging/Logger;+22
j  org.junit.platform.launcher.core.ServiceLoaderRegistry.<clinit>()V+2
v  ~StubRoutines::call_stub
j  org.junit.platform.launcher.core.LauncherFactory.<clinit>()V+0
v  ~StubRoutines::call_stub
j  org.eclipse.jdt.internal.junit5.runner.JUnit5TestLoader.<init>()V+5
j  java.lang.invoke.DirectMethodHandle$Holder.newInvokeSpecial(Ljava/lang/Object;)Ljava/lang/Object;+15 java.base@18.0.2.1
j  java.lang.invoke.Invokers$Holder.invokeExact_MT(Ljava/lang/Object;Ljava/lang/Object;)Ljava/lang/Object;+18 java.base@18.0.2.1
j  jdk.internal.reflect.DirectConstructorHandleAccessor.invokeImpl([Ljava/lang/Object;)Ljava/lang/Object;+44 java.base@18.0.2.1
j  jdk.internal.reflect.DirectConstructorHandleAccessor.newInstance([Ljava/lang/Object;)Ljava/lang/Object;+68 java.base@18.0.2.1
j  java.lang.reflect.Constructor.newInstanceWithCaller([Ljava/lang/Object;ZLjava/lang/Class;)Ljava/lang/Object;+41 java.base@18.0.2.1
j  java.lang.reflect.ReflectAccess.newInstance(Ljava/lang/reflect/Constructor;[Ljava/lang/Object;Ljava/lang/Class;)Ljava/lang/Object;+4 java.base@18.0.2.1
j  jdk.internal.reflect.ReflectionFactory.newInstance(Ljava/lang/reflect/Constructor;[Ljava/lang/Object;Ljava/lang/Class;)Ljava/lang/Object;+7 java.base@18.0.2.1
j  java.lang.Class.newInstance()Ljava/lang/Object;+117 java.base@18.0.2.1
j  org.eclipse.jdt.internal.junit.runner.RemoteTestRunner.createRawTestLoader(Ljava/lang/String;)Lorg/eclipse/jdt/internal/junit/runner/ITestLoader;+5
j  org.eclipse.jdt.internal.junit.runner.RemoteTestRunner.createLoader(Ljava/lang/String;)V+3
j  org.eclipse.jdt.internal.junit.runner.RemoteTestRunner.defaultInit([Ljava/lang/String;)V+511
j  org.eclipse.jdt.internal.junit.runner.RemoteTestRunner.init([Ljava/lang/String;)V+2
j  org.eclipse.jdt.internal.junit.runner.RemoteTestRunner.main([Ljava/lang/String;)V+10
v  ~StubRoutines::call_stub

siginfo: EXCEPTION_ACCESS_VIOLATION (0xc0000005), reading address 0x00000008ff283c7f


Register to memory mapping:

RIP=0x00007ffa9765e666 jvm.dll
RAX=0x00000000000001c1 is an unknown value
RBX=0x0000023b3a9ac3b0 points into unknown readable memory: 0x0000000000000000 | 00 00 00 00 00 00 00 00
RCX=0x000000ad15ffac50 is pointing into the stack for thread: 0x0000023b3aa7df90
RDX=0x00000008ff282e2f is an unknown value
RSP=0x000000ad15ffabe0 is pointing into the stack for thread: 0x0000023b3aa7df90
RBP=0x0000023b3aa7df90 is a thread
RSI=0x0000023b3aa7df90 is a thread
RDI=0x000000ad15ffad80 is pointing into the stack for thread: 0x0000023b3aa7df90
R8 =0xff282e2fff282e2f is an unknown value
R9 =0x0 is NULL
R10=0x0000023b3cad29d0 points into unknown readable memory: 0x0000001e00000011 | 11 00 00 00 1e 00 00 00
R11={method} {0x0000000800363178} 'addBootstrapMethod' '(Ljdk/internal/org/objectweb/asm/Handle;[Ljava/lang/Object;)Ljdk/internal/org/objectweb/asm/Symbol;' in 'jdk/internal/org/objectweb/asm/SymbolTable'
R12=0x0 is NULL
R13=0x0000000000000004 is an unknown value
R14=0x0000023b3a9c5020 points into unknown readable memory: 0x0000000000000002 | 02 00 00 00 00 00 00 00
R15=0x0000023b3aa7e450 points into unknown readable memory: 0x0000000000000000 | 00 00 00 00 00 00 00 00


Registers:
RAX=0x00000000000001c1, RBX=0x0000023b3a9ac3b0, RCX=0x000000ad15ffac50, RDX=0x00000008ff282e2f
RSP=0x000000ad15ffabe0, RBP=0x0000023b3aa7df90, RSI=0x0000023b3aa7df90, RDI=0x000000ad15ffad80
R8 =0xff282e2fff282e2f, R9 =0x0000000000000000, R10=0x0000023b3cad29d0, R11=0x0000000800363170
R12=0x0000000000000000, R13=0x0000000000000004, R14=0x0000023b3a9c5020, R15=0x0000023b3aa7e450
RIP=0x00007ffa9765e666, EFLAGS=0x0000000000010202

Top of Stack: (sp=0x000000ad15ffabe0)
0x000000ad15ffabe0:   0000000000000001 0000023b3aa7df90
0x000000ad15ffabf0:   0000023b3aa7a170 0000000000000bbb
0x000000ad15ffac00:   0000023b00000004 0000000000000003
0x000000ad15ffac10:   0000000000000000 00000000000003d8
0x000000ad15ffac20:   0000023b3aa7e460 0000023b3aa7e838
0x000000ad15ffac30:   0000000000000bbb 0000000000000000
0x000000ad15ffac40:   0000023bffffffff 0000000800593ef8
0x000000ad15ffac50:   000000080059b608 00007ffa0000000c
0x000000ad15ffac60:   0000000000001b98 0000000c0000000c
0x000000ad15ffac70:   000024920000000d 0000000800360128
0x000000ad15ffac80:   0000000067bbf0e1 0000000800593ef8
0x000000ad15ffac90:   0000023b5f689290 0000000800360128
0x000000ad15ffaca0:   000000ad15ffada0 000000ad15ffac68
0x000000ad15ffacb0:   000000ad00000003 0000000000000000
0x000000ad15ffacc0:   000024924728a189 00007ffa96f70928
0x000000ad15ffacd0:   00000008005bd0d0 0000000800360128 

Instructions: (pc=0x00007ffa9765e666)
0x00007ffa9765e566:   00 8b 8c 82 a4 e8 6f 00 48 03 ca ff e1 48 8b 05
0x00007ffa9765e576:   ae 24 45 00 eb 07 48 8b 05 9d 24 45 00 48 85 c0
0x00007ffa9765e586:   0f 85 86 02 00 00 65 48 8b 04 25 58 00 00 00 8b
0x00007ffa9765e596:   0d 4d 7a 47 00 48 89 9c 24 28 01 00 00 48 89 b4
0x00007ffa9765e5a6:   24 38 01 00 00 4c 89 a4 24 08 01 00 00 48 8b 1c
0x00007ffa9765e5b6:   c8 4c 89 ac 24 00 01 00 00 b8 50 00 00 00 4c 89
0x00007ffa9765e5c6:   b4 24 f8 00 00 00 4c 89 bc 24 f0 00 00 00 80 3c
0x00007ffa9765e5d6:   18 00 75 05 e8 ed 07 15 00 b8 20 00 00 00 48 c7
0x00007ffa9765e5e6:   44 24 30 00 00 00 00 48 8b 04 18 4c 8b b0 18 02
0x00007ffa9765e5f6:   00 00 49 8b 46 18 4d 8b 7e 10 48 89 44 24 40 49
0x00007ffa9765e606:   8b 46 20 48 89 44 24 48 49 8b 46 28 48 89 44 24
0x00007ffa9765e616:   38 48 8b 07 4c 8b 40 08 44 8b 48 28 41 c1 e9 03
0x00007ffa9765e626:   41 80 e1 01 49 8b 08 49 8b 00 45 0f b7 68 2c 48
0x00007ffa9765e636:   c1 e9 20 85 c0 74 0d 81 f9 00 00 00 80 74 05 4d
0x00007ffa9765e646:   8b 00 eb 03 45 33 c0 48 8b 07 44 89 6c 24 20 48
0x00007ffa9765e656:   8b 48 08 0f b7 41 24 48 8b 51 08 48 8d 4c 24 70
0x00007ffa9765e666:   48 8b 54 c2 48 e8 b0 d7 ff ff 48 8b 1d 99 c3 44
0x00007ffa9765e676:   00 4c 8b a4 24 c8 00 00 00 48 85 db 74 08 48 8b
0x00007ffa9765e686:   cb e8 44 d2 f6 ff 48 8b 3d 65 23 45 00 48 8d 4c
0x00007ffa9765e696:   24 50 4d 8b c4 41 8b d5 e8 0d d6 ff ff 48 8d 4c
0x00007ffa9765e6a6:   24 50 33 f6 e8 01 13 00 00 4c 63 d0 85 c0 7e 41
0x00007ffa9765e6b6:   48 8b 54 24 50 4c 8d 4c 24 50 44 8b 5c 24 60 4c
0x00007ffa9765e6c6:   2b ca 0f 1f 84 00 00 00 00 00 4d 8d 04 11 45 85
0x00007ffa9765e6d6:   db 78 03 4c 8b c2 8b ce 8b c6 c1 f9 05 48 83 c2
0x00007ffa9765e6e6:   04 c1 e0 08 8b f1 33 f0 41 33 30 49 83 ea 01 75
0x00007ffa9765e6f6:   d9 33 d2 48 89 ac 24 30 01 00 00 8b c6 f7 37 48
0x00007ffa9765e706:   8b 47 08 48 63 ca 48 8b 3c c8 44 8b 44 24 60 4c
0x00007ffa9765e716:   8b 54 24 50 48 85 ff 74 45 4c 8b 5c 24 58 48 8b
0x00007ffa9765e726:   6c 24 54 0f 1f 80 00 00 00 00 39 37 75 27 48 8b
0x00007ffa9765e736:   4f 10 44 39 41 10 75 1d 45 85 c0 0f 89 e4 00 00
0x00007ffa9765e746:   00 44 3b 11 75 0f 3b 69 04 75 0a 44 3b 59 08 0f
0x00007ffa9765e756:   84 fc 00 00 00 48 8b 7f 08 48 85 ff 75 cc 45 85 


Stack slot to memory mapping:
stack at sp + 0 slots: 0x0000000000000001 is an unknown value
stack at sp + 1 slots: 0x0000023b3aa7df90 is a thread
stack at sp + 2 slots: 0x0000023b3aa7a170 points into unknown readable memory: 0x0000000000000000 | 00 00 00 00 00 00 00 00
stack at sp + 3 slots: 0x0000000000000bbb is an unknown value
stack at sp + 4 slots: 0x0000023b00000004 is an unknown value
stack at sp + 5 slots: 0x0000000000000003 is an unknown value
stack at sp + 6 slots: 0x0 is NULL
stack at sp + 7 slots: 0x00000000000003d8 is an unknown value


---------------  P R O C E S S  ---------------

Threads class SMR info:
_java_thread_list=0x0000023b63cad020, length=13, elements={
0x0000023b3aa7df90, 0x0000023b5f7c3780, 0x0000023b5f7c42f0, 0x0000023b5f7df550,
0x0000023b5f7e0e10, 0x0000023b5f7e16c0, 0x0000023b5f7e1f70, 0x0000023b5f7e2b50,
0x0000023b5f7e6940, 0x0000023b5f809a00, 0x0000023b63cc5370, 0x0000023b63ccdcb0,
0x0000023b63d40900
}

Java Threads: ( => current thread )
=>0x0000023b3aa7df90 JavaThread "main" [_thread_in_vm, id=16372, stack(0x000000ad15f00000,0x000000ad16000000)]
  0x0000023b5f7c3780 JavaThread "Reference Handler" daemon [_thread_blocked, id=17580, stack(0x000000ad16600000,0x000000ad16700000)]
  0x0000023b5f7c42f0 JavaThread "Finalizer" daemon [_thread_blocked, id=14296, stack(0x000000ad16700000,0x000000ad16800000)]
  0x0000023b5f7df550 JavaThread "Signal Dispatcher" daemon [_thread_blocked, id=8356, stack(0x000000ad16800000,0x000000ad16900000)]
  0x0000023b5f7e0e10 JavaThread "Attach Listener" daemon [_thread_blocked, id=18904, stack(0x000000ad16900000,0x000000ad16a00000)]
  0x0000023b5f7e16c0 JavaThread "Service Thread" daemon [_thread_blocked, id=14848, stack(0x000000ad16a00000,0x000000ad16b00000)]
  0x0000023b5f7e1f70 JavaThread "Monitor Deflation Thread" daemon [_thread_blocked, id=2916, stack(0x000000ad16b00000,0x000000ad16c00000)]
  0x0000023b5f7e2b50 JavaThread "C2 CompilerThread0" daemon [_thread_blocked, id=21904, stack(0x000000ad16c00000,0x000000ad16d00000)]
  0x0000023b5f7e6940 JavaThread "C1 CompilerThread0" daemon [_thread_blocked, id=22428, stack(0x000000ad16d00000,0x000000ad16e00000)]
  0x0000023b5f809a00 JavaThread "Sweeper thread" daemon [_thread_blocked, id=19708, stack(0x000000ad16e00000,0x000000ad16f00000)]
  0x0000023b63cc5370 JavaThread "Notification Thread" daemon [_thread_blocked, id=19760, stack(0x000000ad16f00000,0x000000ad17000000)]
  0x0000023b63ccdcb0 JavaThread "Common-Cleaner" daemon [_thread_blocked, id=15184, stack(0x000000ad17100000,0x000000ad17200000)]
  0x0000023b63d40900 JavaThread "C2 CompilerThread1" daemon [_thread_blocked, id=17360, stack(0x000000ad17200000,0x000000ad17300000)]

Other Threads:
  0x0000023b3cb69ff0 VMThread "VM Thread" [stack: 0x000000ad16500000,0x000000ad16600000] [id=13548]
  0x0000023b63cca060 WatcherThread "VM Periodic Task Thread" [stack: 0x000000ad17000000,0x000000ad17100000] [id=13324]
  0x0000023b3cb43bb0 WorkerThread "GC Thread#0" [stack: 0x000000ad16000000,0x000000ad16100000] [id=2244]
  0x0000023b3cb54780 ConcurrentGCThread "G1 Main Marker" [stack: 0x000000ad16100000,0x000000ad16200000] [id=18864]
  0x0000023b3cb55820 WorkerThread "G1 Conc#0" [stack: 0x000000ad16200000,0x000000ad16300000] [id=2336]
  0x0000023b3cb8e470 ConcurrentGCThread "G1 Refine#0" [stack: 0x000000ad16300000,0x000000ad16400000] [id=21820]
  0x0000023b3cb8ec90 ConcurrentGCThread "G1 Service" [stack: 0x000000ad16400000,0x000000ad16500000] [id=20132]

Threads with active compile tasks:

VM state: not at safepoint (normal execution)

VM Mutex/Monitor currently owned by a thread: None

Heap address: 0x0000000702600000, size: 4058 MB, Compressed Oops mode: Zero based, Oop shift amount: 3

CDS archive(s) mapped at: [0x0000000800000000-0x0000000800ba0000-0x0000000800ba0000), size 12189696, SharedBaseAddress: 0x0000000800000000, ArchiveRelocationMode: 0.
Compressed class space mapped at: 0x0000000800c00000-0x0000000840c00000, reserved size: 1073741824
Narrow klass base: 0x0000000800000000, Narrow klass shift: 0, Narrow klass range: 0x100000000

GC Precious Log:
 CardTable entry size: 512
 Card Set container configuration: InlinePtr #cards 4 size 8 Array Of Cards #cards 16 size 48 Howl #buckets 8 coarsen threshold 3686 Howl Bitmap #cards 512 size 80 coarsen threshold 460 Card regions per heap region 1 cards per card region 4096
 CPUs: 8 total, 8 available
 Memory: 16226M
 Large Page Support: Disabled
 NUMA Support: Disabled
 Compressed Oops: Enabled (Zero based)
 Heap Region Size: 2M
 Heap Min Capacity: 8M
 Heap Initial Capacity: 254M
 Heap Max Capacity: 4058M
 Pre-touch: Disabled
 Parallel Workers: 8
 Concurrent Workers: 2
 Concurrent Refinement Workers: 8
 Periodic GC: Disabled

Heap:
 garbage-first heap   total 260096K, used 4096K [0x0000000702600000, 0x0000000800000000)
  region size 2048K, 4 young (8192K), 0 survivors (0K)
 Metaspace       used 476K, committed 640K, reserved 1114112K
  class space    used 29K, committed 128K, reserved 1048576K

Heap Regions: E=young(eden), S=young(survivor), O=old, HS=humongous(starts), HC=humongous(continues), CS=collection set, F=free, OA=open archive, CA=closed archive, TAMS=top-at-mark-start (previous, next)
|   0|0x0000000702600000, 0x0000000702600000, 0x0000000702800000|  0%| F|  |TAMS 0x0000000702600000, 0x0000000702600000| Untracked 
|   1|0x0000000702800000, 0x0000000702800000, 0x0000000702a00000|  0%| F|  |TAMS 0x0000000702800000, 0x0000000702800000| Untracked 
|   2|0x0000000702a00000, 0x0000000702a00000, 0x0000000702c00000|  0%| F|  |TAMS 0x0000000702a00000, 0x0000000702a00000| Untracked 
|   3|0x0000000702c00000, 0x0000000702c00000, 0x0000000702e00000|  0%| F|  |TAMS 0x0000000702c00000, 0x0000000702c00000| Untracked 
|   4|0x0000000702e00000, 0x0000000702e00000, 0x0000000703000000|  0%| F|  |TAMS 0x0000000702e00000, 0x0000000702e00000| Untracked 
|   5|0x0000000703000000, 0x0000000703000000, 0x0000000703200000|  0%| F|  |TAMS 0x0000000703000000, 0x0000000703000000| Untracked 
|   6|0x0000000703200000, 0x0000000703200000, 0x0000000703400000|  0%| F|  |TAMS 0x0000000703200000, 0x0000000703200000| Untracked 
|   7|0x0000000703400000, 0x0000000703400000, 0x0000000703600000|  0%| F|  |TAMS 0x0000000703400000, 0x0000000703400000| Untracked 
|   8|0x0000000703600000, 0x0000000703600000, 0x0000000703800000|  0%| F|  |TAMS 0x0000000703600000, 0x0000000703600000| Untracked 
|   9|0x0000000703800000, 0x0000000703800000, 0x0000000703a00000|  0%| F|  |TAMS 0x0000000703800000, 0x0000000703800000| Untracked 
|  10|0x0000000703a00000, 0x0000000703a00000, 0x0000000703c00000|  0%| F|  |TAMS 0x0000000703a00000, 0x0000000703a00000| Untracked 
|  11|0x0000000703c00000, 0x0000000703c00000, 0x0000000703e00000|  0%| F|  |TAMS 0x0000000703c00000, 0x0000000703c00000| Untracked 
|  12|0x0000000703e00000, 0x0000000703e00000, 0x0000000704000000|  0%| F|  |TAMS 0x0000000703e00000, 0x0000000703e00000| Untracked 
|  13|0x0000000704000000, 0x0000000704000000, 0x0000000704200000|  0%| F|  |TAMS 0x0000000704000000, 0x0000000704000000| Untracked 
|  14|0x0000000704200000, 0x0000000704200000, 0x0000000704400000|  0%| F|  |TAMS 0x0000000704200000, 0x0000000704200000| Untracked 
|  15|0x0000000704400000, 0x0000000704400000, 0x0000000704600000|  0%| F|  |TAMS 0x0000000704400000, 0x0000000704400000| Untracked 
|  16|0x0000000704600000, 0x0000000704600000, 0x0000000704800000|  0%| F|  |TAMS 0x0000000704600000, 0x0000000704600000| Untracked 
|  17|0x0000000704800000, 0x0000000704800000, 0x0000000704a00000|  0%| F|  |TAMS 0x0000000704800000, 0x0000000704800000| Untracked 
|  18|0x0000000704a00000, 0x0000000704a00000, 0x0000000704c00000|  0%| F|  |TAMS 0x0000000704a00000, 0x0000000704a00000| Untracked 
|  19|0x0000000704c00000, 0x0000000704c00000, 0x0000000704e00000|  0%| F|  |TAMS 0x0000000704c00000, 0x0000000704c00000| Untracked 
|  20|0x0000000704e00000, 0x0000000704e00000, 0x0000000705000000|  0%| F|  |TAMS 0x0000000704e00000, 0x0000000704e00000| Untracked 
|  21|0x0000000705000000, 0x0000000705000000, 0x0000000705200000|  0%| F|  |TAMS 0x0000000705000000, 0x0000000705000000| Untracked 
|  22|0x0000000705200000, 0x0000000705200000, 0x0000000705400000|  0%| F|  |TAMS 0x0000000705200000, 0x0000000705200000| Untracked 
|  23|0x0000000705400000, 0x0000000705400000, 0x0000000705600000|  0%| F|  |TAMS 0x0000000705400000, 0x0000000705400000| Untracked 
|  24|0x0000000705600000, 0x0000000705600000, 0x0000000705800000|  0%| F|  |TAMS 0x0000000705600000, 0x0000000705600000| Untracked 
|  25|0x0000000705800000, 0x0000000705800000, 0x0000000705a00000|  0%| F|  |TAMS 0x0000000705800000, 0x0000000705800000| Untracked 
|  26|0x0000000705a00000, 0x0000000705a00000, 0x0000000705c00000|  0%| F|  |TAMS 0x0000000705a00000, 0x0000000705a00000| Untracked 
|  27|0x0000000705c00000, 0x0000000705c00000, 0x0000000705e00000|  0%| F|  |TAMS 0x0000000705c00000, 0x0000000705c00000| Untracked 
|  28|0x0000000705e00000, 0x0000000705e00000, 0x0000000706000000|  0%| F|  |TAMS 0x0000000705e00000, 0x0000000705e00000| Untracked 
|  29|0x0000000706000000, 0x0000000706000000, 0x0000000706200000|  0%| F|  |TAMS 0x0000000706000000, 0x0000000706000000| Untracked 
|  30|0x0000000706200000, 0x0000000706200000, 0x0000000706400000|  0%| F|  |TAMS 0x0000000706200000, 0x0000000706200000| Untracked 
|  31|0x0000000706400000, 0x0000000706400000, 0x0000000706600000|  0%| F|  |TAMS 0x0000000706400000, 0x0000000706400000| Untracked 
|  32|0x0000000706600000, 0x0000000706600000, 0x0000000706800000|  0%| F|  |TAMS 0x0000000706600000, 0x0000000706600000| Untracked 
|  33|0x0000000706800000, 0x0000000706800000, 0x0000000706a00000|  0%| F|  |TAMS 0x0000000706800000, 0x0000000706800000| Untracked 
|  34|0x0000000706a00000, 0x0000000706a00000, 0x0000000706c00000|  0%| F|  |TAMS 0x0000000706a00000, 0x0000000706a00000| Untracked 
|  35|0x0000000706c00000, 0x0000000706c00000, 0x0000000706e00000|  0%| F|  |TAMS 0x0000000706c00000, 0x0000000706c00000| Untracked 
|  36|0x0000000706e00000, 0x0000000706e00000, 0x0000000707000000|  0%| F|  |TAMS 0x0000000706e00000, 0x0000000706e00000| Untracked 
|  37|0x0000000707000000, 0x0000000707000000, 0x0000000707200000|  0%| F|  |TAMS 0x0000000707000000, 0x0000000707000000| Untracked 
|  38|0x0000000707200000, 0x0000000707200000, 0x0000000707400000|  0%| F|  |TAMS 0x0000000707200000, 0x0000000707200000| Untracked 
|  39|0x0000000707400000, 0x0000000707400000, 0x0000000707600000|  0%| F|  |TAMS 0x0000000707400000, 0x0000000707400000| Untracked 
|  40|0x0000000707600000, 0x0000000707600000, 0x0000000707800000|  0%| F|  |TAMS 0x0000000707600000, 0x0000000707600000| Untracked 
|  41|0x0000000707800000, 0x0000000707800000, 0x0000000707a00000|  0%| F|  |TAMS 0x0000000707800000, 0x0000000707800000| Untracked 
|  42|0x0000000707a00000, 0x0000000707a00000, 0x0000000707c00000|  0%| F|  |TAMS 0x0000000707a00000, 0x0000000707a00000| Untracked 
|  43|0x0000000707c00000, 0x0000000707c00000, 0x0000000707e00000|  0%| F|  |TAMS 0x0000000707c00000, 0x0000000707c00000| Untracked 
|  44|0x0000000707e00000, 0x0000000707e00000, 0x0000000708000000|  0%| F|  |TAMS 0x0000000707e00000, 0x0000000707e00000| Untracked 
|  45|0x0000000708000000, 0x0000000708000000, 0x0000000708200000|  0%| F|  |TAMS 0x0000000708000000, 0x0000000708000000| Untracked 
|  46|0x0000000708200000, 0x0000000708200000, 0x0000000708400000|  0%| F|  |TAMS 0x0000000708200000, 0x0000000708200000| Untracked 
|  47|0x0000000708400000, 0x0000000708400000, 0x0000000708600000|  0%| F|  |TAMS 0x0000000708400000, 0x0000000708400000| Untracked 
|  48|0x0000000708600000, 0x0000000708600000, 0x0000000708800000|  0%| F|  |TAMS 0x0000000708600000, 0x0000000708600000| Untracked 
|  49|0x0000000708800000, 0x0000000708800000, 0x0000000708a00000|  0%| F|  |TAMS 0x0000000708800000, 0x0000000708800000| Untracked 
|  50|0x0000000708a00000, 0x0000000708a00000, 0x0000000708c00000|  0%| F|  |TAMS 0x0000000708a00000, 0x0000000708a00000| Untracked 
|  51|0x0000000708c00000, 0x0000000708c00000, 0x0000000708e00000|  0%| F|  |TAMS 0x0000000708c00000, 0x0000000708c00000| Untracked 
|  52|0x0000000708e00000, 0x0000000708e00000, 0x0000000709000000|  0%| F|  |TAMS 0x0000000708e00000, 0x0000000708e00000| Untracked 
|  53|0x0000000709000000, 0x0000000709000000, 0x0000000709200000|  0%| F|  |TAMS 0x0000000709000000, 0x0000000709000000| Untracked 
|  54|0x0000000709200000, 0x0000000709200000, 0x0000000709400000|  0%| F|  |TAMS 0x0000000709200000, 0x0000000709200000| Untracked 
|  55|0x0000000709400000, 0x0000000709400000, 0x0000000709600000|  0%| F|  |TAMS 0x0000000709400000, 0x0000000709400000| Untracked 
|  56|0x0000000709600000, 0x0000000709600000, 0x0000000709800000|  0%| F|  |TAMS 0x0000000709600000, 0x0000000709600000| Untracked 
|  57|0x0000000709800000, 0x0000000709800000, 0x0000000709a00000|  0%| F|  |TAMS 0x0000000709800000, 0x0000000709800000| Untracked 
|  58|0x0000000709a00000, 0x0000000709a00000, 0x0000000709c00000|  0%| F|  |TAMS 0x0000000709a00000, 0x0000000709a00000| Untracked 
|  59|0x0000000709c00000, 0x0000000709c00000, 0x0000000709e00000|  0%| F|  |TAMS 0x0000000709c00000, 0x0000000709c00000| Untracked 
|  60|0x0000000709e00000, 0x0000000709e00000, 0x000000070a000000|  0%| F|  |TAMS 0x0000000709e00000, 0x0000000709e00000| Untracked 
|  61|0x000000070a000000, 0x000000070a000000, 0x000000070a200000|  0%| F|  |TAMS 0x000000070a000000, 0x000000070a000000| Untracked 
|  62|0x000000070a200000, 0x000000070a200000, 0x000000070a400000|  0%| F|  |TAMS 0x000000070a200000, 0x000000070a200000| Untracked 
|  63|0x000000070a400000, 0x000000070a400000, 0x000000070a600000|  0%| F|  |TAMS 0x000000070a400000, 0x000000070a400000| Untracked 
|  64|0x000000070a600000, 0x000000070a600000, 0x000000070a800000|  0%| F|  |TAMS 0x000000070a600000, 0x000000070a600000| Untracked 
|  65|0x000000070a800000, 0x000000070a800000, 0x000000070aa00000|  0%| F|  |TAMS 0x000000070a800000, 0x000000070a800000| Untracked 
|  66|0x000000070aa00000, 0x000000070aa00000, 0x000000070ac00000|  0%| F|  |TAMS 0x000000070aa00000, 0x000000070aa00000| Untracked 
|  67|0x000000070ac00000, 0x000000070ac00000, 0x000000070ae00000|  0%| F|  |TAMS 0x000000070ac00000, 0x000000070ac00000| Untracked 
|  68|0x000000070ae00000, 0x000000070ae00000, 0x000000070b000000|  0%| F|  |TAMS 0x000000070ae00000, 0x000000070ae00000| Untracked 
|  69|0x000000070b000000, 0x000000070b000000, 0x000000070b200000|  0%| F|  |TAMS 0x000000070b000000, 0x000000070b000000| Untracked 
|  70|0x000000070b200000, 0x000000070b200000, 0x000000070b400000|  0%| F|  |TAMS 0x000000070b200000, 0x000000070b200000| Untracked 
|  71|0x000000070b400000, 0x000000070b400000, 0x000000070b600000|  0%| F|  |TAMS 0x000000070b400000, 0x000000070b400000| Untracked 
|  72|0x000000070b600000, 0x000000070b600000, 0x000000070b800000|  0%| F|  |TAMS 0x000000070b600000, 0x000000070b600000| Untracked 
|  73|0x000000070b800000, 0x000000070b800000, 0x000000070ba00000|  0%| F|  |TAMS 0x000000070b800000, 0x000000070b800000| Untracked 
|  74|0x000000070ba00000, 0x000000070ba00000, 0x000000070bc00000|  0%| F|  |TAMS 0x000000070ba00000, 0x000000070ba00000| Untracked 
|  75|0x000000070bc00000, 0x000000070bc00000, 0x000000070be00000|  0%| F|  |TAMS 0x000000070bc00000, 0x000000070bc00000| Untracked 
|  76|0x000000070be00000, 0x000000070be00000, 0x000000070c000000|  0%| F|  |TAMS 0x000000070be00000, 0x000000070be00000| Untracked 
|  77|0x000000070c000000, 0x000000070c000000, 0x000000070c200000|  0%| F|  |TAMS 0x000000070c000000, 0x000000070c000000| Untracked 
|  78|0x000000070c200000, 0x000000070c200000, 0x000000070c400000|  0%| F|  |TAMS 0x000000070c200000, 0x000000070c200000| Untracked 
|  79|0x000000070c400000, 0x000000070c400000, 0x000000070c600000|  0%| F|  |TAMS 0x000000070c400000, 0x000000070c400000| Untracked 
|  80|0x000000070c600000, 0x000000070c600000, 0x000000070c800000|  0%| F|  |TAMS 0x000000070c600000, 0x000000070c600000| Untracked 
|  81|0x000000070c800000, 0x000000070c800000, 0x000000070ca00000|  0%| F|  |TAMS 0x000000070c800000, 0x000000070c800000| Untracked 
|  82|0x000000070ca00000, 0x000000070ca00000, 0x000000070cc00000|  0%| F|  |TAMS 0x000000070ca00000, 0x000000070ca00000| Untracked 
|  83|0x000000070cc00000, 0x000000070cc00000, 0x000000070ce00000|  0%| F|  |TAMS 0x000000070cc00000, 0x000000070cc00000| Untracked 
|  84|0x000000070ce00000, 0x000000070ce00000, 0x000000070d000000|  0%| F|  |TAMS 0x000000070ce00000, 0x000000070ce00000| Untracked 
|  85|0x000000070d000000, 0x000000070d000000, 0x000000070d200000|  0%| F|  |TAMS 0x000000070d000000, 0x000000070d000000| Untracked 
|  86|0x000000070d200000, 0x000000070d200000, 0x000000070d400000|  0%| F|  |TAMS 0x000000070d200000, 0x000000070d200000| Untracked 
|  87|0x000000070d400000, 0x000000070d400000, 0x000000070d600000|  0%| F|  |TAMS 0x000000070d400000, 0x000000070d400000| Untracked 
|  88|0x000000070d600000, 0x000000070d600000, 0x000000070d800000|  0%| F|  |TAMS 0x000000070d600000, 0x000000070d600000| Untracked 
|  89|0x000000070d800000, 0x000000070d800000, 0x000000070da00000|  0%| F|  |TAMS 0x000000070d800000, 0x000000070d800000| Untracked 
|  90|0x000000070da00000, 0x000000070da00000, 0x000000070dc00000|  0%| F|  |TAMS 0x000000070da00000, 0x000000070da00000| Untracked 
|  91|0x000000070dc00000, 0x000000070dc00000, 0x000000070de00000|  0%| F|  |TAMS 0x000000070dc00000, 0x000000070dc00000| Untracked 
|  92|0x000000070de00000, 0x000000070de00000, 0x000000070e000000|  0%| F|  |TAMS 0x000000070de00000, 0x000000070de00000| Untracked 
|  93|0x000000070e000000, 0x000000070e000000, 0x000000070e200000|  0%| F|  |TAMS 0x000000070e000000, 0x000000070e000000| Untracked 
|  94|0x000000070e200000, 0x000000070e200000, 0x000000070e400000|  0%| F|  |TAMS 0x000000070e200000, 0x000000070e200000| Untracked 
|  95|0x000000070e400000, 0x000000070e400000, 0x000000070e600000|  0%| F|  |TAMS 0x000000070e400000, 0x000000070e400000| Untracked 
|  96|0x000000070e600000, 0x000000070e600000, 0x000000070e800000|  0%| F|  |TAMS 0x000000070e600000, 0x000000070e600000| Untracked 
|  97|0x000000070e800000, 0x000000070e800000, 0x000000070ea00000|  0%| F|  |TAMS 0x000000070e800000, 0x000000070e800000| Untracked 
|  98|0x000000070ea00000, 0x000000070ea00000, 0x000000070ec00000|  0%| F|  |TAMS 0x000000070ea00000, 0x000000070ea00000| Untracked 
|  99|0x000000070ec00000, 0x000000070ec00000, 0x000000070ee00000|  0%| F|  |TAMS 0x000000070ec00000, 0x000000070ec00000| Untracked 
| 100|0x000000070ee00000, 0x000000070ee00000, 0x000000070f000000|  0%| F|  |TAMS 0x000000070ee00000, 0x000000070ee00000| Untracked 
| 101|0x000000070f000000, 0x000000070f000000, 0x000000070f200000|  0%| F|  |TAMS 0x000000070f000000, 0x000000070f000000| Untracked 
| 102|0x000000070f200000, 0x000000070f200000, 0x000000070f400000|  0%| F|  |TAMS 0x000000070f200000, 0x000000070f200000| Untracked 
| 103|0x000000070f400000, 0x000000070f400000, 0x000000070f600000|  0%| F|  |TAMS 0x000000070f400000, 0x000000070f400000| Untracked 
| 104|0x000000070f600000, 0x000000070f600000, 0x000000070f800000|  0%| F|  |TAMS 0x000000070f600000, 0x000000070f600000| Untracked 
| 105|0x000000070f800000, 0x000000070f800000, 0x000000070fa00000|  0%| F|  |TAMS 0x000000070f800000, 0x000000070f800000| Untracked 
| 106|0x000000070fa00000, 0x000000070fa00000, 0x000000070fc00000|  0%| F|  |TAMS 0x000000070fa00000, 0x000000070fa00000| Untracked 
| 107|0x000000070fc00000, 0x000000070fc00000, 0x000000070fe00000|  0%| F|  |TAMS 0x000000070fc00000, 0x000000070fc00000| Untracked 
| 108|0x000000070fe00000, 0x000000070fe00000, 0x0000000710000000|  0%| F|  |TAMS 0x000000070fe00000, 0x000000070fe00000| Untracked 
| 109|0x0000000710000000, 0x0000000710000000, 0x0000000710200000|  0%| F|  |TAMS 0x0000000710000000, 0x0000000710000000| Untracked 
| 110|0x0000000710200000, 0x0000000710200000, 0x0000000710400000|  0%| F|  |TAMS 0x0000000710200000, 0x0000000710200000| Untracked 
| 111|0x0000000710400000, 0x0000000710400000, 0x0000000710600000|  0%| F|  |TAMS 0x0000000710400000, 0x0000000710400000| Untracked 
| 112|0x0000000710600000, 0x0000000710600000, 0x0000000710800000|  0%| F|  |TAMS 0x0000000710600000, 0x0000000710600000| Untracked 
| 113|0x0000000710800000, 0x0000000710800000, 0x0000000710a00000|  0%| F|  |TAMS 0x0000000710800000, 0x0000000710800000| Untracked 
| 114|0x0000000710a00000, 0x0000000710a00000, 0x0000000710c00000|  0%| F|  |TAMS 0x0000000710a00000, 0x0000000710a00000| Untracked 
| 115|0x0000000710c00000, 0x0000000710c00000, 0x0000000710e00000|  0%| F|  |TAMS 0x0000000710c00000, 0x0000000710c00000| Untracked 
| 116|0x0000000710e00000, 0x0000000710e00000, 0x0000000711000000|  0%| F|  |TAMS 0x0000000710e00000, 0x0000000710e00000| Untracked 
| 117|0x0000000711000000, 0x0000000711000000, 0x0000000711200000|  0%| F|  |TAMS 0x0000000711000000, 0x0000000711000000| Untracked 
| 118|0x0000000711200000, 0x0000000711200000, 0x0000000711400000|  0%| F|  |TAMS 0x0000000711200000, 0x0000000711200000| Untracked 
| 119|0x0000000711400000, 0x0000000711400000, 0x0000000711600000|  0%| F|  |TAMS 0x0000000711400000, 0x0000000711400000| Untracked 
| 120|0x0000000711600000, 0x0000000711600000, 0x0000000711800000|  0%| F|  |TAMS 0x0000000711600000, 0x0000000711600000| Untracked 
| 121|0x0000000711800000, 0x0000000711800000, 0x0000000711a00000|  0%| F|  |TAMS 0x0000000711800000, 0x0000000711800000| Untracked 
| 122|0x0000000711a00000, 0x0000000711a00000, 0x0000000711c00000|  0%| F|  |TAMS 0x0000000711a00000, 0x0000000711a00000| Untracked 
| 123|0x0000000711c00000, 0x0000000711d75d20, 0x0000000711e00000| 73%| E|  |TAMS 0x0000000711c00000, 0x0000000711c00000| Complete 
| 124|0x0000000711e00000, 0x0000000712000000, 0x0000000712000000|100%| E|CS|TAMS 0x0000000711e00000, 0x0000000711e00000| Complete 
| 125|0x0000000712000000, 0x0000000712200000, 0x0000000712200000|100%| E|CS|TAMS 0x0000000712000000, 0x0000000712000000| Complete 
| 126|0x0000000712200000, 0x0000000712400000, 0x0000000712400000|100%| E|  |TAMS 0x0000000712200000, 0x0000000712200000| Complete 

Card table byte_map: [0x0000023b53f20000,0x0000023b54710000] _byte_map_base: 0x0000023b5070d000

Marking Bits (Prev, Next): (CMBitMap*) 0x0000023b3cb440c0, (CMBitMap*) 0x0000023b3cb44100
 Prev Bits: [0x0000023b54f00000, 0x0000023b58e68000)
 Next Bits: [0x0000023b58e70000, 0x0000023b5cdd8000)

Polling page: 0x0000023b3c290000

Metaspace:

Usage:
  Non-class:    446.45 KB used.
      Class:     29.70 KB used.
       Both:    476.15 KB used.

Virtual space:
  Non-class space:       64.00 MB reserved,     512.00 KB ( <1%) committed,  1 nodes.
      Class space:        1.00 GB reserved,     128.00 KB ( <1%) committed,  1 nodes.
             Both:        1.06 GB reserved,     640.00 KB ( <1%) committed. 

Chunk freelists:
   Non-Class:  3.92 MB
       Class:  3.73 MB
        Both:  7.66 MB

MaxMetaspaceSize: unlimited
CompressedClassSpaceSize: 1.00 GB
Initial GC threshold: 21.00 MB
Current GC threshold: 21.00 MB
CDS: on
MetaspaceReclaimPolicy: balanced
 - commit_granule_bytes: 65536.
 - commit_granule_words: 8192.
 - virtual_space_node_default_size: 8388608.
 - enlarge_chunks_in_place: 1.
 - new_chunks_are_fully_committed: 0.
 - uncommit_free_chunks: 1.
 - use_allocation_guard: 0.


Internal statistics:

num_allocs_failed_limit: 0.
num_arena_births: 4.
num_arena_deaths: 0.
num_vsnodes_births: 2.
num_vsnodes_deaths: 0.
num_space_committed: 10.
num_space_uncommitted: 0.
num_chunks_returned_to_freelist: 0.
num_chunks_taken_from_freelist: 12.
num_chunk_merges: 0.
num_chunk_splits: 6.
num_chunks_enlarged: 6.
num_inconsistent_stats: 0.

CodeHeap 'non-profiled nmethods': size=120000Kb used=82Kb max_used=82Kb free=119917Kb
 bounds [0x0000023b4bed0000, 0x0000023b4c140000, 0x0000023b53400000]
CodeHeap 'profiled nmethods': size=120000Kb used=413Kb max_used=413Kb free=119586Kb
 bounds [0x0000023b449a0000, 0x0000023b44c10000, 0x0000023b4bed0000]
CodeHeap 'non-nmethods': size=5760Kb used=1090Kb max_used=1107Kb free=4670Kb
 bounds [0x0000023b44400000, 0x0000023b44670000, 0x0000023b449a0000]
 total_blobs=635 nmethods=288 adapters=260
 compilation: enabled
              stopped_count=0, restarted_count=0
 full_count=0

Compilation events (20 events):
Event: 0.205 Thread 0x0000023b5f7e6940 nmethod 275 0x0000023b44a03790 code [0x0000023b44a03940, 0x0000023b44a03cd8]
Event: 0.205 Thread 0x0000023b5f7e6940  273       3       java.net.URL::isBuiltinStreamHandler (8 bytes)
Event: 0.205 Thread 0x0000023b5f7e2b50  277 %     4       java.util.jar.Manifest$FastInputStream::readLine @ 86 (296 bytes)
Event: 0.206 Thread 0x0000023b5f7e6940 nmethod 273 0x0000023b44a03e90 code [0x0000023b44a04040, 0x0000023b44a04208]
Event: 0.206 Thread 0x0000023b5f7e6940  274       3       sun.net.util.IPAddressUtil::checkHostString (53 bytes)
Event: 0.206 Thread 0x0000023b5f7e6940 nmethod 274 0x0000023b44a04310 code [0x0000023b44a045c0, 0x0000023b44a05148]
Event: 0.206 Thread 0x0000023b5f7e6940  278       3       java.lang.Integer::stringSize (47 bytes)
Event: 0.206 Thread 0x0000023b5f7e6940 nmethod 278 0x0000023b44a05590 code [0x0000023b44a05740, 0x0000023b44a05998]
Event: 0.206 Thread 0x0000023b5f7e6940  276       3       java.util.jar.Attributes$Name::<init> (22 bytes)
Event: 0.206 Thread 0x0000023b5f7e6940 nmethod 276 0x0000023b44a05a90 code [0x0000023b44a05c40, 0x0000023b44a05e98]
Event: 0.207 Thread 0x0000023b5f7e6940  279       3       java.lang.CharacterData::of (136 bytes)
Event: 0.207 Thread 0x0000023b5f7e6940 nmethod 279 0x0000023b44a05f90 code [0x0000023b44a061c0, 0x0000023b44a06b58]
Event: 0.207 Thread 0x0000023b5f7e6940  280       3       jdk.internal.misc.Unsafe::putReferenceRelease (9 bytes)
Event: 0.208 Thread 0x0000023b5f7e6940 nmethod 280 0x0000023b44a06d90 code [0x0000023b44a06f20, 0x0000023b44a07098]
Event: 0.208 Thread 0x0000023b5f7e6940  282       3       java.util.concurrent.ConcurrentHashMap::setTabAt (20 bytes)
Event: 0.208 Thread 0x0000023b5f7e6940 nmethod 282 0x0000023b44a07110 code [0x0000023b44a072c0, 0x0000023b44a074e8]
Event: 0.208 Thread 0x0000023b5f7e6940  283       1       java.lang.module.ModuleDescriptor::isOpen (5 bytes)
Event: 0.208 Thread 0x0000023b5f7e6940 nmethod 283 0x0000023b4bee2890 code [0x0000023b4bee2a20, 0x0000023b4bee2af8]
Event: 0.209 Thread 0x0000023b5f7e6940  288       1       java.lang.Enum::ordinal (5 bytes)
Event: 0.209 Thread 0x0000023b5f7e6940 nmethod 288 0x0000023b4bee3790 code [0x0000023b4bee3920, 0x0000023b4bee39f8]

GC Heap History (0 events):
No events

Deoptimization events (18 events):
Event: 0.090 Thread 0x0000023b3aa7df90 Uncommon trap: trap_request=0xffffff45 fr.pc=0x0000023b4bed122c relative=0x00000000000000ac
Event: 0.090 Thread 0x0000023b3aa7df90 Uncommon trap: reason=unstable_if action=reinterpret pc=0x0000023b4bed122c method=java.lang.String.isLatin1()Z @ 10 c2
Event: 0.090 Thread 0x0000023b3aa7df90 DEOPT PACKING pc=0x0000023b4bed122c sp=0x000000ad15ffed20
Event: 0.090 Thread 0x0000023b3aa7df90 DEOPT UNPACKING pc=0x0000023b444523a3 sp=0x000000ad15ffec60 mode 2
Event: 0.105 Thread 0x0000023b3aa7df90 DEOPT PACKING pc=0x0000023b449bb08c sp=0x000000ad15ffd7d0
Event: 0.105 Thread 0x0000023b3aa7df90 DEOPT UNPACKING pc=0x0000023b44452b43 sp=0x000000ad15ffcc60 mode 0
Event: 0.105 Thread 0x0000023b3aa7df90 DEOPT PACKING pc=0x0000023b449bb08c sp=0x000000ad15ffd7d0
Event: 0.105 Thread 0x0000023b3aa7df90 DEOPT UNPACKING pc=0x0000023b44452b43 sp=0x000000ad15ffcc60 mode 0
Event: 0.106 Thread 0x0000023b3aa7df90 DEOPT PACKING pc=0x0000023b449bb08c sp=0x000000ad15ffd7d0
Event: 0.106 Thread 0x0000023b3aa7df90 DEOPT UNPACKING pc=0x0000023b44452b43 sp=0x000000ad15ffcc60 mode 0
Event: 0.106 Thread 0x0000023b3aa7df90 DEOPT PACKING pc=0x0000023b449bb08c sp=0x000000ad15ffd7d0
Event: 0.106 Thread 0x0000023b3aa7df90 DEOPT UNPACKING pc=0x0000023b44452b43 sp=0x000000ad15ffcc60 mode 0
Event: 0.107 Thread 0x0000023b3aa7df90 DEOPT PACKING pc=0x0000023b449bb08c sp=0x000000ad15ffd7d0
Event: 0.107 Thread 0x0000023b3aa7df90 DEOPT UNPACKING pc=0x0000023b44452b43 sp=0x000000ad15ffcc60 mode 0
Event: 0.122 Thread 0x0000023b3aa7df90 DEOPT PACKING pc=0x0000023b449a8c67 sp=0x000000ad15ffd700
Event: 0.122 Thread 0x0000023b3aa7df90 DEOPT UNPACKING pc=0x0000023b44452b43 sp=0x000000ad15ffcb20 mode 0
Event: 0.126 Thread 0x0000023b3aa7df90 DEOPT PACKING pc=0x0000023b449a63d1 sp=0x000000ad15ffde70
Event: 0.126 Thread 0x0000023b3aa7df90 DEOPT UNPACKING pc=0x0000023b44452b43 sp=0x000000ad15ffd2e8 mode 0

Classes loaded (20 events):
Event: 0.090 Loading class jdk/internal/loader/URLClassPath$FileLoader
Event: 0.090 Loading class jdk/internal/loader/URLClassPath$FileLoader done
Event: 0.091 Loading class sun/nio/cs/UTF_8$Decoder
Event: 0.091 Loading class sun/nio/cs/UTF_8$Decoder done
Event: 0.189 Loading class jdk/internal/loader/URLClassPath$FileLoader$1
Event: 0.189 Loading class jdk/internal/loader/URLClassPath$FileLoader$1 done
Event: 0.193 Loading class java/io/UnsupportedEncodingException
Event: 0.193 Loading class java/io/IOException
Event: 0.193 Loading class java/io/IOException done
Event: 0.193 Loading class java/io/UnsupportedEncodingException done
Event: 0.193 Loading class java/lang/InterruptedException
Event: 0.193 Loading class java/lang/InterruptedException done
Event: 0.194 Loading class java/io/Reader
Event: 0.194 Loading class java/io/Reader done
Event: 0.194 Loading class java/io/InputStreamReader
Event: 0.194 Loading class java/io/InputStreamReader done
Event: 0.195 Loading class java/io/StringWriter
Event: 0.195 Loading class java/io/StringWriter done
Event: 0.199 Loading class java/util/Vector
Event: 0.199 Loading class java/util/Vector done

Classes unloaded (0 events):
No events

Classes redefined (0 events):
No events

Internal exceptions (0 events):
No events

VM Operations (2 events):
Event: 0.107 Executing VM operation: HandshakeAllThreads
Event: 0.107 Executing VM operation: HandshakeAllThreads done

Events (18 events):
Event: 0.007 Loaded shared library D:\Programas\Java JDK\bin\java.dll
Event: 0.018 Loaded shared library D:\Programas\Java JDK\bin\jsvml.dll
Event: 0.018 Thread 0x0000023b3aa7df90 Thread added: 0x0000023b3aa7df90
Event: 0.020 Thread 0x0000023b5f7c3780 Thread added: 0x0000023b5f7c3780
Event: 0.020 Thread 0x0000023b5f7c42f0 Thread added: 0x0000023b5f7c42f0
Event: 0.032 Thread 0x0000023b5f7df550 Thread added: 0x0000023b5f7df550
Event: 0.032 Thread 0x0000023b5f7e0e10 Thread added: 0x0000023b5f7e0e10
Event: 0.033 Thread 0x0000023b5f7e16c0 Thread added: 0x0000023b5f7e16c0
Event: 0.033 Thread 0x0000023b5f7e1f70 Thread added: 0x0000023b5f7e1f70
Event: 0.033 Thread 0x0000023b5f7e2b50 Thread added: 0x0000023b5f7e2b50
Event: 0.033 Thread 0x0000023b5f7e6940 Thread added: 0x0000023b5f7e6940
Event: 0.033 Thread 0x0000023b5f809a00 Thread added: 0x0000023b5f809a00
Event: 0.089 Thread 0x0000023b63cc5370 Thread added: 0x0000023b63cc5370
Event: 0.092 Thread 0x0000023b63ccdcb0 Thread added: 0x0000023b63ccdcb0
Event: 0.094 Loaded shared library D:\Programas\Java JDK\bin\net.dll
Event: 0.095 Loaded shared library D:\Programas\Java JDK\bin\nio.dll
Event: 0.098 Loaded shared library D:\Programas\Java JDK\bin\zip.dll
Event: 0.116 Thread 0x0000023b63d40900 Thread added: 0x0000023b63d40900


Dynamic libraries:
0x00007ff706640000 - 0x00007ff706650000 	D:\Programas\Java JDK\bin\java.exe
0x00007ffb2ebf0000 - 0x00007ffb2ede8000 	C:\WINDOWS\SYSTEM32\ntdll.dll
0x00007ffb2dc40000 - 0x00007ffb2dcff000 	C:\WINDOWS\System32\KERNEL32.DLL
0x00007ffb2c2d0000 - 0x00007ffb2c5c6000 	C:\WINDOWS\System32\KERNELBASE.dll
0x00007ffb2c7e0000 - 0x00007ffb2c8e0000 	C:\WINDOWS\System32\ucrtbase.dll
0x00007ffb24110000 - 0x00007ffb2412a000 	D:\Programas\Java JDK\bin\VCRUNTIME140.dll
0x00007ffb19c40000 - 0x00007ffb19c58000 	D:\Programas\Java JDK\bin\jli.dll
0x00007ffb2e980000 - 0x00007ffb2ea2f000 	C:\WINDOWS\System32\ADVAPI32.dll
0x00007ffb2d1f0000 - 0x00007ffb2d28e000 	C:\WINDOWS\System32\msvcrt.dll
0x00007ffb2e670000 - 0x00007ffb2e70c000 	C:\WINDOWS\System32\sechost.dll
0x00007ffb2d6f0000 - 0x00007ffb2d816000 	C:\WINDOWS\System32\RPCRT4.dll
0x00007ffb2e4d0000 - 0x00007ffb2e66d000 	C:\WINDOWS\System32\USER32.dll
0x00007ffb2cad0000 - 0x00007ffb2caf2000 	C:\WINDOWS\System32\win32u.dll
0x00007ffb15fb0000 - 0x00007ffb1624a000 	C:\WINDOWS\WinSxS\amd64_microsoft.windows.common-controls_6595b64144ccf1df_6.0.19041.1110_none_60b5254171f9507e\COMCTL32.dll
0x00007ffb2d0c0000 - 0x00007ffb2d0ec000 	C:\WINDOWS\System32\GDI32.dll
0x00007ffb2cb00000 - 0x00007ffb2cc15000 	C:\WINDOWS\System32\gdi32full.dll
0x00007ffb2c740000 - 0x00007ffb2c7dd000 	C:\WINDOWS\System32\msvcp_win.dll
0x00007ffb25ee0000 - 0x00007ffb25eea000 	C:\WINDOWS\SYSTEM32\VERSION.dll
0x00007ffb2d1c0000 - 0x00007ffb2d1f0000 	C:\WINDOWS\System32\IMM32.DLL
0x00007ffb29a00000 - 0x00007ffb29a0c000 	D:\Programas\Java JDK\bin\vcruntime140_1.dll
0x00007ffaf23b0000 - 0x00007ffaf243d000 	D:\Programas\Java JDK\bin\msvcp140.dll
0x00007ffa96f60000 - 0x00007ffa97b71000 	D:\Programas\Java JDK\bin\server\jvm.dll
0x00007ffb2d6e0000 - 0x00007ffb2d6e8000 	C:\WINDOWS\System32\PSAPI.DLL
0x00007ffb17740000 - 0x00007ffb17749000 	C:\WINDOWS\SYSTEM32\WSOCK32.dll
0x00007ffb19b30000 - 0x00007ffb19b57000 	C:\WINDOWS\SYSTEM32\WINMM.dll
0x00007ffb2e8f0000 - 0x00007ffb2e95b000 	C:\WINDOWS\System32\WS2_32.dll
0x00007ffb2a150000 - 0x00007ffb2a162000 	C:\WINDOWS\SYSTEM32\kernel.appcore.dll
0x00007ffb17730000 - 0x00007ffb1773a000 	D:\Programas\Java JDK\bin\jimage.dll
0x00007ffb179c0000 - 0x00007ffb17ba4000 	C:\WINDOWS\SYSTEM32\DBGHELP.DLL
0x00007ffb0deb0000 - 0x00007ffb0dee4000 	C:\WINDOWS\SYSTEM32\dbgcore.DLL
0x00007ffb2c8e0000 - 0x00007ffb2c962000 	C:\WINDOWS\System32\bcryptPrimitives.dll
0x00007ffafe2a0000 - 0x00007ffafe2c5000 	D:\Programas\Java JDK\bin\java.dll
0x00007ffaf1710000 - 0x00007ffaf17e6000 	D:\Programas\Java JDK\bin\jsvml.dll
0x00007ffb2dd80000 - 0x00007ffb2e4c4000 	C:\WINDOWS\System32\SHELL32.dll
0x00007ffb2a350000 - 0x00007ffb2aae3000 	C:\WINDOWS\SYSTEM32\windows.storage.dll
0x00007ffb2d8d0000 - 0x00007ffb2dc24000 	C:\WINDOWS\System32\combase.dll
0x00007ffb2bd30000 - 0x00007ffb2bd5e000 	C:\WINDOWS\SYSTEM32\Wldp.dll
0x00007ffb2e710000 - 0x00007ffb2e7bd000 	C:\WINDOWS\System32\SHCORE.dll
0x00007ffb2d2f0000 - 0x00007ffb2d345000 	C:\WINDOWS\System32\shlwapi.dll
0x00007ffb2c210000 - 0x00007ffb2c22f000 	C:\WINDOWS\SYSTEM32\profapi.dll
0x00007ffb14600000 - 0x00007ffb14613000 	D:\Programas\Java JDK\bin\net.dll
0x00007ffb251d0000 - 0x00007ffb252da000 	C:\WINDOWS\SYSTEM32\WINHTTP.dll
0x00007ffb2ba40000 - 0x00007ffb2baaa000 	C:\WINDOWS\system32\mswsock.dll
0x00007ffb14410000 - 0x00007ffb14426000 	D:\Programas\Java JDK\bin\nio.dll
0x00007ffb164e0000 - 0x00007ffb164f8000 	D:\Programas\Java JDK\bin\zip.dll

dbghelp: loaded successfully - version: 4.0.5 - missing functions: none
symbol engine: initialized successfully - sym options: 0x614 - pdb path: .;D:\Programas\Java JDK\bin;C:\WINDOWS\SYSTEM32;C:\WINDOWS\WinSxS\amd64_microsoft.windows.common-controls_6595b64144ccf1df_6.0.19041.1110_none_60b5254171f9507e;D:\Programas\Java JDK\bin\server

VM Arguments:
jvm_args: -ea -XX:+ShowCodeDetailsInExceptionMessages -Dfile.encoding=UTF-8 
java_command: org.eclipse.jdt.internal.junit.runner.RemoteTestRunner -version 3 -port 49469 -testLoaderClass org.eclipse.jdt.internal.junit5.runner.JUnit5TestLoader -loaderpluginname org.eclipse.jdt.junit5.runtime -testNameFile C:\Users\bruno\AppData\Local\Temp\testNames4493699608623885789.txt
java_class_path (initial): d:\VS_code_portfilio\santander coders\modulo8\biblioteca_tdd\target\test-classes;d:\VS_code_portfilio\santander coders\modulo8\biblioteca_tdd\target\classes;c:\Users\bruno\.m2\repository\org\springframework\boot\spring-boot-starter\3.0.6\spring-boot-starter-3.0.6.jar;c:\Users\bruno\.m2\repository\org\springframework\boot\spring-boot\3.0.6\spring-boot-3.0.6.jar;c:\Users\bruno\.m2\repository\org\springframework\spring-context\6.0.8\spring-context-6.0.8.jar;c:\Users\bruno\.m2\repository\org\springframework\boot\spring-boot-autoconfigure\3.0.6\spring-boot-autoconfigure-3.0.6.jar;c:\Users\bruno\.m2\repository\org\springframework\boot\spring-boot-starter-logging\3.0.6\spring-boot-starter-logging-3.0.6.jar;c:\Users\bruno\.m2\repository\ch\qos\logback\logback-classic\1.4.7\logback-classic-1.4.7.jar;c:\Users\bruno\.m2\repository\ch\qos\logback\logback-core\1.4.7\logback-core-1.4.7.jar;c:\Users\bruno\.m2\repository\org\apache\logging\log4j\log4j-to-slf4j\2.19.0\log4j-to-slf4j-2.19.0.jar;c:\Users\bruno\.m2\repository\org\apache\logging\log4j\log4j-api\2.19.0\log4j-api-2.19.0.jar;c:\Users\bruno\.m2\repository\org\slf4j\jul-to-slf4j\2.0.7\jul-to-slf4j-2.0.7.jar;c:\Users\bruno\.m2\repository\jakarta\annotation\jakarta.annotation-api\2.1.1\jakarta.annotation-api-2.1.1.jar;c:\Users\bruno\.m2\repository\org\springframework\spring-core\6.0.8\spring-core-6.0.8.jar;c:\Users\bruno\.m2\repository\org\springframework\spring-jcl\6.0.8\spring-jcl-6.0.8.jar;c:\Users\bruno\.m2\repository\org\yaml\snakeyaml\1.33\snakeyaml-1.33.jar;c:\Users\bruno\.m2\repository\org\projectlombok\lombok\1.18.26\lombok-1.18.26.jar;c:\Users\bruno\.m2\repository\org\springframework\boot\spring-boot-starter-validation\3.0.6\spring-boot-starter-validation-3.0.6.jar;c:\Users\bruno\.m2\repository\org\apache\tomcat\embed\tomcat-embed-el\10.1.8\tomcat-embed-el-10.1.8.jar;c:\Users\bruno\.m2\repository\org\hibernate\validator\hibernate-validator\8.0.0.Final\hibernate-validator-8.0.0.Final.jar;c:\Users\bruno\.m2\repository\jakarta\validation\jakarta.validation-api\3.0.2\jakarta.validation-api-3.0.2.jar;c:\Users\bruno\.m2\repository\org\jboss\logging\jboss-logging\3.5.0.Final\jboss-logging-3.5.0.Final.jar;c:\Users\bruno\.m2\repository\com\fasterxml\classmate\1.5.1\classmate-1.5.1.jar;c:\Users\bruno\.m2\repository\org\springframework\boot\spring-boot-starter-test\3.0.6\spring-boot-starter-test-3.0.6.jar;c:\Users\bruno\.m2\repository\org\springframework\boot\spring-boot-test\3.0.6\spring-boot-test-3.0.6.jar;c:\Users\bruno\.m2\repository\org\springframework\boot\spring-boot-test-autoconfigure\3.0.6\spring-boot-test-autoconfigure-3.0.6.jar;c:\Users\bruno\.m2\repository\com\jayway\jsonpath\json-path\2.7.0\json-path-2.7.0.jar;c:\Users\bruno\.m2\repository\net\minidev\json-smart\2.4.10\json-smart-2.4.10.jar;c:\Users\bruno\.m2\repository\net\minidev\accessors-smart\2.4.9\accessors-smart-2.4.9.jar;c:\Users\bruno\.m2\repository\org\ow2\asm\asm\9.3\asm-9.3.jar;c:\Users\bruno\.m2\repository\org\slf4j\slf4j-api\2.0.7\slf4j-api-2.0.7.jar;c:\Users\bruno\.m2\repository\jakarta\xml\bind\jakarta.xml.bind-api\4.0.0\jakarta.xml.bind-api-4.0.0.jar;c:\Users\bruno\.m2\repository\jakarta\activation\jakarta.activation-api\2.1.1\jakarta.activation-api-2.1.1.jar;c:\Users\bruno\.m2\repository\org\assertj\assertj-core\3.23.1\assertj-core-3.23.1.jar;c:\Users\bruno\.m2\repository\net\bytebuddy\byte-buddy\1.12.23\byte-buddy-1.12.23.jar;c:\Users\bruno\.m2\repository\org\hamcrest\hamcrest\2.2\hamcrest-2.2.jar;c:\Users\bruno\.m2\repository\org\junit\jupiter\junit-jupiter\5.9.2\junit-jupiter-5.9.2.jar;c:\Users\bruno\.m2\repository\org\junit\jupiter\junit-jupiter-api\5.9.2\junit-jupiter-api-5.9.2.jar;c:\Users\bruno\.m2\repository\org\opentest4j\opentest4j\1.2.0\opentest4j-1.2.0.jar;c:\Users\bruno\.m2\repository\org\junit\platform\junit-platform-commons\1.9.2\junit-platform-commons-1.9.2.jar;c:\Users\bruno\.m2\repository\org\apiguardian\apiguardian-api\1.1.2\apiguardian-api-1.1.2.jar;c:\Users\bruno\.m2\repository\org\junit\jupiter\junit-jupiter-params\5.9.2\junit-jupiter-params-5.9.2.jar;c:\Users\bruno\.m2\repository\org\junit\jupiter\junit-jupiter-engine\5.9.2\junit-jupiter-engine-5.9.2.jar;c:\Users\bruno\.m2\repository\org\junit\platform\junit-platform-engine\1.9.2\junit-platform-engine-1.9.2.jar;c:\Users\bruno\.m2\repository\org\mockito\mockito-core\4.8.1\mockito-core-4.8.1.jar;c:\Users\bruno\.m2\repository\net\bytebuddy\byte-buddy-agent\1.12.23\byte-buddy-agent-1.12.23.jar;c:\Users\bruno\.m2\repository\org\objenesis\objenesis\3.2\objenesis-3.2.jar;c:\Users\bruno\.m2\repository\org\mockito\mockito-junit-jupiter\4.8.1\mockito-junit-jupiter-4.8.1.jar;c:\Users\bruno\.m2\repository\org\skyscreamer\jsonassert\1.5.1\jsonassert-1.5.1.jar;c:\Users\bruno\.m2\repository\com\vaadin\external\google\android-json\0.0.20131108.vaadin1\android-json-0.0.20131108.vaadin1.jar;c:\Users\bruno\.m2\repository\org\springframework\spring-test\6.0.8\spring-test-6.0.8.jar;c:\Users\bruno\.m2\repository\org\xmlunit\xmlunit-core\2.9.1\xmlunit-core-2.9.1.jar;c:\Users\bruno\.m2\repository\org\springframework\boot\spring-boot-starter-data-jpa\3.0.6\spring-boot-starter-data-jpa-3.0.6.jar;c:\Users\bruno\.m2\repository\org\springframework\boot\spring-boot-starter-aop\3.0.6\spring-boot-starter-aop-3.0.6.jar;c:\Users\bruno\.m2\repository\org\springframework\spring-aop\6.0.8\spring-aop-6.0.8.jar;c:\Users\bruno\.m2\repository\org\aspectj\aspectjweaver\1.9.19\aspectjweaver-1.9.19.jar;c:\Users\bruno\.m2\repository\org\springframework\boot\spring-boot-starter-jdbc\3.0.6\spring-boot-starter-jdbc-3.0.6.jar;c:\Users\bruno\.m2\repository\com\zaxxer\HikariCP\5.0.1\HikariCP-5.0.1.jar;c:\Users\bruno\.m2\repository\org\springframework\spring-jdbc\6.0.8\spring-jdbc-6.0.8.jar;c:\Users\bruno\.m2\repository\org\hibernate\orm\hibernate-core\6.1.7.Final\hibernate-core-6.1.7.Final.jar;c:\Users\bruno\.m2\repository\jakarta\persistence\jakarta.persistence-api\3.1.0\jakarta.persistence-api-3.1.0.jar;c:\Users\bruno\.m2\repository\jakarta\transaction\jakarta.transaction-api\2.0.1\jakarta.transaction-api-2.0.1.jar;c:\Users\bruno\.m2\repository\org\hibernate\common\hibernate-commons-annotations\6.0.6.Final\hibernate-commons-annotations-6.0.6.Final.jar;c:\Users\bruno\.m2\repository\org\jboss\jandex\2.4.2.Final\jandex-2.4.2.Final.jar;c:\Users\bruno\.m2\repository\org\glassfish\jaxb\jaxb-runtime\4.0.2\jaxb-runtime-4.0.2.jar;c:\Users\bruno\.m2\repository\org\glassfish\jaxb\jaxb-core\4.0.2\jaxb-core-4.0.2.jar;c:\Users\bruno\.m2\repository\org\eclipse\angus\angus-activation\2.0.0\angus-activation-2.0.0.jar;c:\Users\bruno\.m2\repository\org\glassfish\jaxb\txw2\4.0.2\txw2-4.0.2.jar;c:\Users\bruno\.m2\repository\com\sun\istack\istack-commons-runtime\4.1.1\istack-commons-runtime-4.1.1.jar;c:\Users\bruno\.m2\repository\jakarta\inject\jakarta.inject-api\2.0.0\jakarta.inject-api-2.0.0.jar;c:\Users\bruno\.m2\repository\org\antlr\antlr4-runtime\4.10.1\antlr4-runtime-4.10.1.jar;c:\Users\bruno\.m2\repository\org\springframework\data\spring-data-jpa\3.0.5\spring-data-jpa-3.0.5.jar;c:\Users\bruno\.m2\repository\org\springframework\data\spring-data-commons\3.0.5\spring-data-commons-3.0.5.jar;c:\Users\bruno\.m2\repository\org\springframework\spring-orm\6.0.8\spring-orm-6.0.8.jar;c:\Users\bruno\.m2\repository\org\springframework\spring-tx\6.0.8\spring-tx-6.0.8.jar;c:\Users\bruno\.m2\repository\org\springframework\spring-beans\6.0.8\spring-beans-6.0.8.jar;c:\Users\bruno\.m2\repository\org\springframework\spring-aspects\6.0.8\spring-aspects-6.0.8.jar;c:\Users\bruno\.m2\repository\com\h2database\h2\2.1.214\h2-2.1.214.jar;c:\Users\bruno\.m2\repository\org\springframework\boot\spring-boot-starter-web\3.0.6\spring-boot-starter-web-3.0.6.jar;c:\Users\bruno\.m2\repository\org\springframework\boot\spring-boot-starter-json\3.0.6\spring-boot-starter-json-3.0.6.jar;c:\Users\bruno\.m2\repository\com\fasterxml\jackson\core\jackson-databind\2.14.2\jackson-databind-2.14.2.jar;c:\Users\bruno\.m2\repository\com\fasterxml\jackson\core\jackson-annotations\2.14.2\jackson-annotations-2.14.2.jar;c:\Users\bruno\.m2\repository\com\fasterxml\jackson\core\jackson-core\2.14.2\jackson-core-2.14.2.jar;c:\Users\bruno\.m2\repository\com\fasterxml\jackson\datatype\jackson-datatype-jdk8\2.14.2\jackson-datatype-jdk8-2.14.2.jar;c:\Users\bruno\.m2\repository\com\fasterxml\jackson\datatype\jackson-datatype-jsr310\2.14.2\jackson-datatype-jsr310-2.14.2.jar;c:\Users\bruno\.m2\repository\com\fasterxml\jackson\module\jackson-module-parameter-names\2.14.2\jackson-module-parameter-names-2.14.2.jar;c:\Users\bruno\.m2\repository\org\springframework\boot\spring-boot-starter-tomcat\3.0.6\spring-boot-starter-tomcat-3.0.6.jar;c:\Users\bruno\.m2\repository\org\apache\tomcat\embed\tomcat-embed-core\10.1.8\tomcat-embed-core-10.1.8.jar;c:\Users\bruno\.m2\repository\org\apache\tomcat\embed\tomcat-embed-websocket\10.1.8\tomcat-embed-websocket-10.1.8.jar;c:\Users\bruno\.m2\repository\org\springframework\spring-web\6.0.8\spring-web-6.0.8.jar;c:\Users\bruno\.m2\repository\io\micrometer\micrometer-observation\1.10.6\micrometer-observation-1.10.6.jar;c:\Users\bruno\.m2\repository\io\micrometer\micrometer-commons\1.10.6\micrometer-commons-1.10.6.jar;c:\Users\bruno\.m2\repository\org\springframework\spring-webmvc\6.0.8\spring-webmvc-6.0.8.jar;c:\Users\bruno\.m2\repository\org\springframework\spring-expression\6.0.8\spring-expression-6.0.8.jar;c:\Users\bruno\.m2\repository\org\junit\platform\junit-platform-launcher\1.9.2\junit-platform-launcher-1.9.2.jar;c:\Users\bruno\AppData\Roaming\Code\User\globalStorage\redhat.java\1.18.0\config_win\org.eclipse.osgi\104\0\.cp;c:\Users\bruno\AppData\Roaming\Code\User\globalStorage\redhat.java\1.18.0\config_win\org.eclipse.osgi\51\0\.cp
Launcher Type: SUN_STANDARD

[Global flags]
     intx CICompilerCount                          = 4                                         {product} {ergonomic}
     uint ConcGCThreads                            = 2                                         {product} {ergonomic}
     uint G1ConcRefinementThreads                  = 8                                         {product} {ergonomic}
   size_t G1HeapRegionSize                         = 2097152                                   {product} {ergonomic}
    uintx GCDrainStackTargetSize                   = 64                                        {product} {ergonomic}
   size_t InitialHeapSize                          = 266338304                                 {product} {ergonomic}
   size_t MarkStackSize                            = 4194304                                   {product} {ergonomic}
   size_t MaxHeapSize                              = 4255121408                                {product} {ergonomic}
   size_t MaxNewSize                               = 2552233984                                {product} {ergonomic}
   size_t MinHeapDeltaBytes                        = 2097152                                   {product} {ergonomic}
   size_t MinHeapSize                              = 8388608                                   {product} {ergonomic}
    uintx NonNMethodCodeHeapSize                   = 5839372                                {pd product} {ergonomic}
    uintx NonProfiledCodeHeapSize                  = 122909434                              {pd product} {ergonomic}
    uintx ProfiledCodeHeapSize                     = 122909434                              {pd product} {ergonomic}
    uintx ReservedCodeCacheSize                    = 251658240                              {pd product} {ergonomic}
     bool SegmentedCodeCache                       = true                                      {product} {ergonomic}
     bool ShowCodeDetailsInExceptionMessages       = true                                   {manageable} {command line}
   size_t SoftMaxHeapSize                          = 4255121408                             {manageable} {ergonomic}
     bool UseCompressedClassPointers               = true                           {product lp64_product} {ergonomic}
     bool UseCompressedOops                        = true                           {product lp64_product} {ergonomic}
     bool UseG1GC                                  = true                                      {product} {ergonomic}
     bool UseLargePagesIndividualAllocation        = false                                  {pd product} {ergonomic}

Logging:
Log output configuration:
 #0: stdout all=warning uptime,level,tags foldmultilines=false
 #1: stderr all=off uptime,level,tags foldmultilines=false

Environment Variables:
PATH=C:\Program Files\Common Files\Oracle\Java\javapath;C:\Program Files (x86)\Intel\Intel(R) Management Engine Components\iCLS\;C:\Program Files\Intel\Intel(R) Management Engine Components\iCLS\;C:\WINDOWS\system32;C:\WINDOWS;C:\WINDOWS\System32\Wbem;C:\WINDOWS\System32\WindowsPowerShell\v1.0\;C:\WINDOWS\System32\OpenSSH\;C:\Program Files (x86)\NVIDIA Corporation\PhysX\Common;C:\Program Files\NVIDIA Corporation\NVIDIA NvDLISR;C:\Program Files (x86)\Intel\Intel(R) Management Engine Components\DAL;C:\Program Files\Intel\Intel(R) Management Engine Components\DAL;C:\Program Files (x86)\Intel\Intel(R) Management Engine Components\IPT;C:\Program Files\Intel\Intel(R) Management Engine Components\IPT;C:\Program Files\dotnet\;C:\Program Files\Git\cmd;D:\Programas\node.js\;D:\Programas\Anaconda3\;D:\Programas\Anaconda3\Library\bin;C:\Program Files\Microsoft SQL Server\120\Tools\Binn\;C:\Program Files\Common Files\Autodesk Shared\;D:\Programas\Java JDK;C:\Users\bruno\AppData\Local\Microsoft\WindowsApps;C:\Users\bruno\AppData\Local\Programs\Microsoft VS Code\bin;C:\Users\bruno\AppData\Roaming\npm;D:\Programas\Anaconda3;D:\Programas\Anaconda3\Scripts;D:\VS_code_portfilio\santander coders\apache-maven-3.9.0\bin;
USERNAME=bruno
OS=Windows_NT
PROCESSOR_IDENTIFIER=Intel64 Family 6 Model 158 Stepping 10, GenuineIntel



---------------  S Y S T E M  ---------------

OS:
 Windows 10 , 64 bit Build 19041 (10.0.19041.2913)
OS uptime: 0 days 5:46 hours
Hyper-V role detected

CPU: total 8 (initial active 8) (4 cores per cpu, 2 threads per core) family 6 model 158 stepping 10 microcode 0xb4, cx8, cmov, fxsr, ht, mmx, 3dnowpref, sse, sse2, sse3, ssse3, sse4.1, sse4.2, popcnt, lzcnt, tsc, tscinvbit, avx, avx2, aes, erms, clmul, bmi1, bmi2, adx, fma, vzeroupper, clflush, clflushopt, hv

Memory: 4k page, system-wide physical 16226M (8481M free)
TotalPageFile size 18658M (AvailPageFile size 7584M)
current process WorkingSet (physical memory assigned to process): 40M, peak: 40M
current process commit charge ("private bytes"): 346M, peak: 346M

vm_info: Java HotSpot(TM) 64-Bit Server VM (18.0.2.1+1-1) for windows-amd64 JRE (18.0.2.1+1-1), built on Aug 16 2022 01:46:33 by "mach5one" with MS VC++ 16.8 / 16.9 (VS2019)

END.
